{"C:\\Users\\Lautaro Colombo\\Desktop\\Proyectos\\proyectos en armados\\metagro 2.1\\backend\\controllers\\productos.controller.js": {"path":"C:\\Users\\Lautaro Colombo\\Desktop\\Proyectos\\proyectos en armados\\metagro 2.1\\backend\\controllers\\productos.controller.js","statementMap":{"0":{"start":{"line":1,"column":13},"end":{"line":1,"column":36}},"1":{"start":{"line":4,"column":2},"end":{"line":13,"column":3}},"2":{"start":{"line":5,"column":20},"end":{"line":5,"column":27}},"3":{"start":{"line":6,"column":15},"end":{"line":6,"column":61}},"4":{"start":{"line":7,"column":4},"end":{"line":10,"column":5}},"5":{"start":{"line":12,"column":4},"end":{"line":12,"column":48}},"6":{"start":{"line":17,"column":2},"end":{"line":34,"column":3}},"7":{"start":{"line":18,"column":19},"end":{"line":18,"column":147}},"8":{"start":{"line":19,"column":21},"end":{"line":29,"column":7}},"9":{"start":{"line":19,"column":43},"end":{"line":29,"column":5}},"10":{"start":{"line":30,"column":4},"end":{"line":30,"column":22}},"11":{"start":{"line":32,"column":4},"end":{"line":32,"column":45}},"12":{"start":{"line":33,"column":4},"end":{"line":33,"column":16}},"13":{"start":{"line":38,"column":2},"end":{"line":71,"column":3}},"14":{"start":{"line":39,"column":19},"end":{"line":41,"column":44}},"15":{"start":{"line":42,"column":20},"end":{"line":42,"column":35}},"16":{"start":{"line":43,"column":26},"end":{"line":43,"column":41}},"17":{"start":{"line":44,"column":19},"end":{"line":47,"column":5}},"18":{"start":{"line":48,"column":22},"end":{"line":48,"column":39}},"19":{"start":{"line":49,"column":4},"end":{"line":53,"column":5}},"20":{"start":{"line":50,"column":6},"end":{"line":52,"column":7}},"21":{"start":{"line":51,"column":8},"end":{"line":51,"column":106}},"22":{"start":{"line":55,"column":20},"end":{"line":65,"column":5}},"23":{"start":{"line":66,"column":4},"end":{"line":66,"column":118}},"24":{"start":{"line":67,"column":4},"end":{"line":67,"column":33}},"25":{"start":{"line":69,"column":4},"end":{"line":69,"column":51}},"26":{"start":{"line":70,"column":4},"end":{"line":70,"column":69}},"27":{"start":{"line":75,"column":2},"end":{"line":110,"column":3}},"28":{"start":{"line":76,"column":22},"end":{"line":76,"column":45}},"29":{"start":{"line":77,"column":19},"end":{"line":79,"column":44}},"30":{"start":{"line":80,"column":20},"end":{"line":80,"column":35}},"31":{"start":{"line":81,"column":26},"end":{"line":81,"column":41}},"32":{"start":{"line":82,"column":4},"end":{"line":85,"column":5}},"33":{"start":{"line":86,"column":4},"end":{"line":91,"column":5}},"34":{"start":{"line":87,"column":6},"end":{"line":87,"column":87}},"35":{"start":{"line":88,"column":6},"end":{"line":90,"column":7}},"36":{"start":{"line":89,"column":8},"end":{"line":89,"column":106}},"37":{"start":{"line":93,"column":20},"end":{"line":103,"column":5}},"38":{"start":{"line":104,"column":20},"end":{"line":104,"column":41}},"39":{"start":{"line":105,"column":4},"end":{"line":105,"column":134}},"40":{"start":{"line":106,"column":4},"end":{"line":106,"column":21}},"41":{"start":{"line":108,"column":4},"end":{"line":108,"column":54}},"42":{"start":{"line":109,"column":4},"end":{"line":109,"column":69}},"43":{"start":{"line":114,"column":2},"end":{"line":124,"column":3}},"44":{"start":{"line":115,"column":22},"end":{"line":115,"column":45}},"45":{"start":{"line":116,"column":4},"end":{"line":116,"column":85}},"46":{"start":{"line":117,"column":4},"end":{"line":117,"column":82}},"47":{"start":{"line":119,"column":4},"end":{"line":119,"column":103}},"48":{"start":{"line":120,"column":4},"end":{"line":120,"column":26}},"49":{"start":{"line":122,"column":4},"end":{"line":122,"column":57}},"50":{"start":{"line":123,"column":4},"end":{"line":123,"column":51}},"51":{"start":{"line":128,"column":2},"end":{"line":133,"column":3}},"52":{"start":{"line":129,"column":19},"end":{"line":129,"column":136}},"53":{"start":{"line":130,"column":4},"end":{"line":130,"column":47}},"54":{"start":{"line":130,"column":34},"end":{"line":130,"column":45}},"55":{"start":{"line":132,"column":4},"end":{"line":132,"column":51}},"56":{"start":{"line":137,"column":2},"end":{"line":153,"column":3}},"57":{"start":{"line":138,"column":19},"end":{"line":138,"column":147}},"58":{"start":{"line":139,"column":17},"end":{"line":147,"column":7}},"59":{"start":{"line":139,"column":39},"end":{"line":147,"column":5}},"60":{"start":{"line":148,"column":4},"end":{"line":148,"column":53}},"61":{"start":{"line":149,"column":4},"end":{"line":149,"column":86}},"62":{"start":{"line":150,"column":4},"end":{"line":150,"column":43}},"63":{"start":{"line":152,"column":4},"end":{"line":152,"column":70}},"64":{"start":{"line":157,"column":2},"end":{"line":170,"column":3}},"65":{"start":{"line":158,"column":17},"end":{"line":158,"column":56}},"66":{"start":{"line":159,"column":16},"end":{"line":159,"column":17}},"67":{"start":{"line":160,"column":4},"end":{"line":166,"column":5}},"68":{"start":{"line":161,"column":6},"end":{"line":164,"column":7}},"69":{"start":{"line":165,"column":6},"end":{"line":165,"column":13}},"70":{"start":{"line":167,"column":4},"end":{"line":167,"column":33}},"71":{"start":{"line":169,"column":4},"end":{"line":169,"column":70}},"72":{"start":{"line":174,"column":2},"end":{"line":189,"column":3}},"73":{"start":{"line":175,"column":21},"end":{"line":175,"column":60}},"74":{"start":{"line":176,"column":19},"end":{"line":176,"column":20}},"75":{"start":{"line":177,"column":4},"end":{"line":183,"column":5}},"76":{"start":{"line":178,"column":6},"end":{"line":181,"column":7}},"77":{"start":{"line":182,"column":6},"end":{"line":182,"column":16}},"78":{"start":{"line":184,"column":24},"end":{"line":184,"column":93}},"79":{"start":{"line":185,"column":4},"end":{"line":185,"column":80}},"80":{"start":{"line":187,"column":4},"end":{"line":187,"column":43}},"81":{"start":{"line":188,"column":4},"end":{"line":188,"column":70}},"82":{"start":{"line":193,"column":2},"end":{"line":199,"column":3}},"83":{"start":{"line":194,"column":4},"end":{"line":194,"column":32}},"84":{"start":{"line":195,"column":19},"end":{"line":195,"column":88}},"85":{"start":{"line":196,"column":4},"end":{"line":196,"column":82}},"86":{"start":{"line":198,"column":4},"end":{"line":198,"column":77}},"87":{"start":{"line":203,"column":2},"end":{"line":213,"column":3}},"88":{"start":{"line":204,"column":17},"end":{"line":204,"column":31}},"89":{"start":{"line":205,"column":19},"end":{"line":208,"column":5}},"90":{"start":{"line":209,"column":15},"end":{"line":209,"column":32}},"91":{"start":{"line":210,"column":4},"end":{"line":210,"column":42}},"92":{"start":{"line":212,"column":4},"end":{"line":212,"column":46}},"93":{"start":{"line":217,"column":2},"end":{"line":223,"column":3}},"94":{"start":{"line":218,"column":19},"end":{"line":218,"column":113}},"95":{"start":{"line":219,"column":4},"end":{"line":219,"column":80}},"96":{"start":{"line":219,"column":29},"end":{"line":219,"column":80}},"97":{"start":{"line":220,"column":4},"end":{"line":220,"column":28}},"98":{"start":{"line":222,"column":4},"end":{"line":222,"column":46}},"99":{"start":{"line":227,"column":2},"end":{"line":232,"column":3}},"100":{"start":{"line":228,"column":4},"end":{"line":228,"column":96}},"101":{"start":{"line":229,"column":4},"end":{"line":229,"column":26}},"102":{"start":{"line":231,"column":4},"end":{"line":231,"column":46}},"103":{"start":{"line":236,"column":2},"end":{"line":250,"column":3}},"104":{"start":{"line":237,"column":16},"end":{"line":237,"column":30}},"105":{"start":{"line":238,"column":15},"end":{"line":238,"column":28}},"106":{"start":{"line":239,"column":17},"end":{"line":239,"column":32}},"107":{"start":{"line":240,"column":4},"end":{"line":240,"column":123}},"108":{"start":{"line":242,"column":4},"end":{"line":245,"column":5}},"109":{"start":{"line":247,"column":4},"end":{"line":247,"column":26}},"110":{"start":{"line":249,"column":4},"end":{"line":249,"column":46}},"111":{"start":{"line":253,"column":0},"end":{"line":268,"column":1}}},"fnMap":{"0":{"name":"registrarCambio","decl":{"start":{"line":3,"column":9},"end":{"line":3,"column":24}},"loc":{"start":{"line":3,"column":56},"end":{"line":14,"column":1}},"line":3},"1":{"name":"listProducts","decl":{"start":{"line":16,"column":15},"end":{"line":16,"column":27}},"loc":{"start":{"line":16,"column":38},"end":{"line":35,"column":1}},"line":16},"2":{"name":"(anonymous_2)","decl":{"start":{"line":19,"column":37},"end":{"line":19,"column":38}},"loc":{"start":{"line":19,"column":43},"end":{"line":29,"column":5}},"line":19},"3":{"name":"createProduct","decl":{"start":{"line":37,"column":15},"end":{"line":37,"column":28}},"loc":{"start":{"line":37,"column":39},"end":{"line":72,"column":1}},"line":37},"4":{"name":"updateProduct","decl":{"start":{"line":74,"column":15},"end":{"line":74,"column":28}},"loc":{"start":{"line":74,"column":39},"end":{"line":111,"column":1}},"line":74},"5":{"name":"deleteProduct","decl":{"start":{"line":113,"column":15},"end":{"line":113,"column":28}},"loc":{"start":{"line":113,"column":39},"end":{"line":125,"column":1}},"line":113},"6":{"name":"getCategories","decl":{"start":{"line":127,"column":15},"end":{"line":127,"column":28}},"loc":{"start":{"line":127,"column":39},"end":{"line":134,"column":1}},"line":127},"7":{"name":"(anonymous_7)","decl":{"start":{"line":130,"column":29},"end":{"line":130,"column":30}},"loc":{"start":{"line":130,"column":34},"end":{"line":130,"column":45}},"line":130},"8":{"name":"getBackup","decl":{"start":{"line":136,"column":15},"end":{"line":136,"column":24}},"loc":{"start":{"line":136,"column":35},"end":{"line":154,"column":1}},"line":136},"9":{"name":"(anonymous_9)","decl":{"start":{"line":139,"column":33},"end":{"line":139,"column":34}},"loc":{"start":{"line":139,"column":39},"end":{"line":147,"column":5}},"line":139},"10":{"name":"postBackup","decl":{"start":{"line":156,"column":15},"end":{"line":156,"column":25}},"loc":{"start":{"line":156,"column":36},"end":{"line":171,"column":1}},"line":156},"11":{"name":"syncToDb","decl":{"start":{"line":173,"column":15},"end":{"line":173,"column":23}},"loc":{"start":{"line":173,"column":34},"end":{"line":190,"column":1}},"line":173},"12":{"name":"getProductsTestStatus","decl":{"start":{"line":192,"column":15},"end":{"line":192,"column":36}},"loc":{"start":{"line":192,"column":47},"end":{"line":200,"column":1}},"line":192},"13":{"name":"createProductTest","decl":{"start":{"line":202,"column":15},"end":{"line":202,"column":32}},"loc":{"start":{"line":202,"column":43},"end":{"line":214,"column":1}},"line":202},"14":{"name":"getProductTest","decl":{"start":{"line":216,"column":15},"end":{"line":216,"column":29}},"loc":{"start":{"line":216,"column":40},"end":{"line":224,"column":1}},"line":216},"15":{"name":"deleteProductTest","decl":{"start":{"line":226,"column":15},"end":{"line":226,"column":32}},"loc":{"start":{"line":226,"column":43},"end":{"line":233,"column":1}},"line":226},"16":{"name":"saveConfig","decl":{"start":{"line":235,"column":15},"end":{"line":235,"column":25}},"loc":{"start":{"line":235,"column":36},"end":{"line":251,"column":1}},"line":235}},"branchMap":{"0":{"loc":{"start":{"line":6,"column":15},"end":{"line":6,"column":61}},"type":"binary-expr","locations":[{"start":{"line":6,"column":15},"end":{"line":6,"column":21}},{"start":{"line":6,"column":25},"end":{"line":6,"column":53}},{"start":{"line":6,"column":57},"end":{"line":6,"column":61}}],"line":6},"1":{"loc":{"start":{"line":9,"column":26},"end":{"line":9,"column":62}},"type":"cond-expr","locations":[{"start":{"line":9,"column":34},"end":{"line":9,"column":55}},{"start":{"line":9,"column":58},"end":{"line":9,"column":62}}],"line":9},"2":{"loc":{"start":{"line":21,"column":12},"end":{"line":21,"column":34}},"type":"binary-expr","locations":[{"start":{"line":21,"column":12},"end":{"line":21,"column":20}},{"start":{"line":21,"column":24},"end":{"line":21,"column":34}}],"line":21},"3":{"loc":{"start":{"line":22,"column":11},"end":{"line":22,"column":35}},"type":"binary-expr","locations":[{"start":{"line":22,"column":11},"end":{"line":22,"column":22}},{"start":{"line":22,"column":26},"end":{"line":22,"column":35}}],"line":22},"4":{"loc":{"start":{"line":23,"column":12},"end":{"line":23,"column":31}},"type":"binary-expr","locations":[{"start":{"line":23,"column":12},"end":{"line":23,"column":25}},{"start":{"line":23,"column":29},"end":{"line":23,"column":31}}],"line":23},"5":{"loc":{"start":{"line":25,"column":11},"end":{"line":25,"column":29}},"type":"binary-expr","locations":[{"start":{"line":25,"column":11},"end":{"line":25,"column":23}},{"start":{"line":25,"column":27},"end":{"line":25,"column":29}}],"line":25},"6":{"loc":{"start":{"line":26,"column":18},"end":{"line":26,"column":36}},"type":"binary-expr","locations":[{"start":{"line":26,"column":18},"end":{"line":26,"column":30}},{"start":{"line":26,"column":34},"end":{"line":26,"column":36}}],"line":26},"7":{"loc":{"start":{"line":27,"column":14},"end":{"line":27,"column":48}},"type":"cond-expr","locations":[{"start":{"line":27,"column":29},"end":{"line":27,"column":43}},{"start":{"line":27,"column":46},"end":{"line":27,"column":48}}],"line":27},"8":{"loc":{"start":{"line":28,"column":24},"end":{"line":28,"column":48}},"type":"binary-expr","locations":[{"start":{"line":28,"column":24},"end":{"line":28,"column":42}},{"start":{"line":28,"column":46},"end":{"line":28,"column":48}}],"line":28},"9":{"loc":{"start":{"line":39,"column":19},"end":{"line":41,"column":44}},"type":"cond-expr","locations":[{"start":{"line":40,"column":8},"end":{"line":40,"column":39}},{"start":{"line":41,"column":9},"end":{"line":41,"column":43}}],"line":39},"10":{"loc":{"start":{"line":41,"column":9},"end":{"line":41,"column":43}},"type":"cond-expr","locations":[{"start":{"line":41,"column":24},"end":{"line":41,"column":38}},{"start":{"line":41,"column":41},"end":{"line":41,"column":43}}],"line":41},"11":{"loc":{"start":{"line":42,"column":20},"end":{"line":42,"column":35}},"type":"binary-expr","locations":[{"start":{"line":42,"column":20},"end":{"line":42,"column":29}},{"start":{"line":42,"column":33},"end":{"line":42,"column":35}}],"line":42},"12":{"loc":{"start":{"line":46,"column":7},"end":{"line":46,"column":54}},"type":"binary-expr","locations":[{"start":{"line":46,"column":7},"end":{"line":46,"column":19}},{"start":{"line":46,"column":23},"end":{"line":46,"column":41}},{"start":{"line":46,"column":45},"end":{"line":46,"column":54}}],"line":46},"13":{"loc":{"start":{"line":46,"column":56},"end":{"line":46,"column":75}},"type":"binary-expr","locations":[{"start":{"line":46,"column":56},"end":{"line":46,"column":69}},{"start":{"line":46,"column":73},"end":{"line":46,"column":75}}],"line":46},"14":{"loc":{"start":{"line":46,"column":77},"end":{"line":46,"column":96}},"type":"binary-expr","locations":[{"start":{"line":46,"column":77},"end":{"line":46,"column":90}},{"start":{"line":46,"column":94},"end":{"line":46,"column":96}}],"line":46},"15":{"loc":{"start":{"line":46,"column":98},"end":{"line":46,"column":117}},"type":"binary-expr","locations":[{"start":{"line":46,"column":98},"end":{"line":46,"column":111}},{"start":{"line":46,"column":115},"end":{"line":46,"column":117}}],"line":46},"16":{"loc":{"start":{"line":49,"column":4},"end":{"line":53,"column":5}},"type":"if","locations":[{"start":{"line":49,"column":4},"end":{"line":53,"column":5}},{"start":{},"end":{}}],"line":49},"17":{"loc":{"start":{"line":57,"column":12},"end":{"line":57,"column":31}},"type":"binary-expr","locations":[{"start":{"line":57,"column":12},"end":{"line":57,"column":25}},{"start":{"line":57,"column":29},"end":{"line":57,"column":31}}],"line":57},"18":{"loc":{"start":{"line":58,"column":11},"end":{"line":58,"column":58}},"type":"binary-expr","locations":[{"start":{"line":58,"column":11},"end":{"line":58,"column":23}},{"start":{"line":58,"column":27},"end":{"line":58,"column":45}},{"start":{"line":58,"column":49},"end":{"line":58,"column":58}}],"line":58},"19":{"loc":{"start":{"line":59,"column":12},"end":{"line":59,"column":31}},"type":"binary-expr","locations":[{"start":{"line":59,"column":12},"end":{"line":59,"column":25}},{"start":{"line":59,"column":29},"end":{"line":59,"column":31}}],"line":59},"20":{"loc":{"start":{"line":63,"column":17},"end":{"line":63,"column":64}},"type":"binary-expr","locations":[{"start":{"line":63,"column":17},"end":{"line":63,"column":29}},{"start":{"line":63,"column":33},"end":{"line":63,"column":51}},{"start":{"line":63,"column":55},"end":{"line":63,"column":64}}],"line":63},"21":{"loc":{"start":{"line":77,"column":19},"end":{"line":79,"column":44}},"type":"cond-expr","locations":[{"start":{"line":78,"column":8},"end":{"line":78,"column":39}},{"start":{"line":79,"column":9},"end":{"line":79,"column":43}}],"line":77},"22":{"loc":{"start":{"line":79,"column":9},"end":{"line":79,"column":43}},"type":"cond-expr","locations":[{"start":{"line":79,"column":24},"end":{"line":79,"column":38}},{"start":{"line":79,"column":41},"end":{"line":79,"column":43}}],"line":79},"23":{"loc":{"start":{"line":80,"column":20},"end":{"line":80,"column":35}},"type":"binary-expr","locations":[{"start":{"line":80,"column":20},"end":{"line":80,"column":29}},{"start":{"line":80,"column":33},"end":{"line":80,"column":35}}],"line":80},"24":{"loc":{"start":{"line":84,"column":7},"end":{"line":84,"column":54}},"type":"binary-expr","locations":[{"start":{"line":84,"column":7},"end":{"line":84,"column":19}},{"start":{"line":84,"column":23},"end":{"line":84,"column":41}},{"start":{"line":84,"column":45},"end":{"line":84,"column":54}}],"line":84},"25":{"loc":{"start":{"line":84,"column":56},"end":{"line":84,"column":75}},"type":"binary-expr","locations":[{"start":{"line":84,"column":56},"end":{"line":84,"column":69}},{"start":{"line":84,"column":73},"end":{"line":84,"column":75}}],"line":84},"26":{"loc":{"start":{"line":84,"column":77},"end":{"line":84,"column":96}},"type":"binary-expr","locations":[{"start":{"line":84,"column":77},"end":{"line":84,"column":90}},{"start":{"line":84,"column":94},"end":{"line":84,"column":96}}],"line":84},"27":{"loc":{"start":{"line":84,"column":98},"end":{"line":84,"column":117}},"type":"binary-expr","locations":[{"start":{"line":84,"column":98},"end":{"line":84,"column":111}},{"start":{"line":84,"column":115},"end":{"line":84,"column":117}}],"line":84},"28":{"loc":{"start":{"line":86,"column":4},"end":{"line":91,"column":5}},"type":"if","locations":[{"start":{"line":86,"column":4},"end":{"line":91,"column":5}},{"start":{},"end":{}}],"line":86},"29":{"loc":{"start":{"line":95,"column":12},"end":{"line":95,"column":31}},"type":"binary-expr","locations":[{"start":{"line":95,"column":12},"end":{"line":95,"column":25}},{"start":{"line":95,"column":29},"end":{"line":95,"column":31}}],"line":95},"30":{"loc":{"start":{"line":96,"column":11},"end":{"line":96,"column":58}},"type":"binary-expr","locations":[{"start":{"line":96,"column":11},"end":{"line":96,"column":23}},{"start":{"line":96,"column":27},"end":{"line":96,"column":45}},{"start":{"line":96,"column":49},"end":{"line":96,"column":58}}],"line":96},"31":{"loc":{"start":{"line":97,"column":12},"end":{"line":97,"column":31}},"type":"binary-expr","locations":[{"start":{"line":97,"column":12},"end":{"line":97,"column":25}},{"start":{"line":97,"column":29},"end":{"line":97,"column":31}}],"line":97},"32":{"loc":{"start":{"line":101,"column":17},"end":{"line":101,"column":64}},"type":"binary-expr","locations":[{"start":{"line":101,"column":17},"end":{"line":101,"column":29}},{"start":{"line":101,"column":33},"end":{"line":101,"column":51}},{"start":{"line":101,"column":55},"end":{"line":101,"column":64}}],"line":101},"33":{"loc":{"start":{"line":158,"column":17},"end":{"line":158,"column":56}},"type":"cond-expr","locations":[{"start":{"line":158,"column":43},"end":{"line":158,"column":51}},{"start":{"line":158,"column":54},"end":{"line":158,"column":56}}],"line":158},"34":{"loc":{"start":{"line":163,"column":9},"end":{"line":163,"column":42}},"type":"binary-expr","locations":[{"start":{"line":163,"column":9},"end":{"line":163,"column":14}},{"start":{"line":163,"column":18},"end":{"line":163,"column":29}},{"start":{"line":163,"column":33},"end":{"line":163,"column":42}}],"line":163},"35":{"loc":{"start":{"line":163,"column":44},"end":{"line":163,"column":56}},"type":"binary-expr","locations":[{"start":{"line":163,"column":44},"end":{"line":163,"column":50}},{"start":{"line":163,"column":54},"end":{"line":163,"column":56}}],"line":163},"36":{"loc":{"start":{"line":163,"column":58},"end":{"line":163,"column":70}},"type":"binary-expr","locations":[{"start":{"line":163,"column":58},"end":{"line":163,"column":64}},{"start":{"line":163,"column":68},"end":{"line":163,"column":70}}],"line":163},"37":{"loc":{"start":{"line":163,"column":72},"end":{"line":163,"column":84}},"type":"binary-expr","locations":[{"start":{"line":163,"column":72},"end":{"line":163,"column":78}},{"start":{"line":163,"column":82},"end":{"line":163,"column":84}}],"line":163},"38":{"loc":{"start":{"line":163,"column":86},"end":{"line":163,"column":113}},"type":"binary-expr","locations":[{"start":{"line":163,"column":86},"end":{"line":163,"column":91}},{"start":{"line":163,"column":95},"end":{"line":163,"column":107}},{"start":{"line":163,"column":111},"end":{"line":163,"column":113}}],"line":163},"39":{"loc":{"start":{"line":175,"column":21},"end":{"line":175,"column":60}},"type":"cond-expr","locations":[{"start":{"line":175,"column":47},"end":{"line":175,"column":55}},{"start":{"line":175,"column":58},"end":{"line":175,"column":60}}],"line":175},"40":{"loc":{"start":{"line":180,"column":9},"end":{"line":180,"column":42}},"type":"binary-expr","locations":[{"start":{"line":180,"column":9},"end":{"line":180,"column":14}},{"start":{"line":180,"column":18},"end":{"line":180,"column":29}},{"start":{"line":180,"column":33},"end":{"line":180,"column":42}}],"line":180},"41":{"loc":{"start":{"line":180,"column":44},"end":{"line":180,"column":56}},"type":"binary-expr","locations":[{"start":{"line":180,"column":44},"end":{"line":180,"column":50}},{"start":{"line":180,"column":54},"end":{"line":180,"column":56}}],"line":180},"42":{"loc":{"start":{"line":180,"column":58},"end":{"line":180,"column":70}},"type":"binary-expr","locations":[{"start":{"line":180,"column":58},"end":{"line":180,"column":64}},{"start":{"line":180,"column":68},"end":{"line":180,"column":70}}],"line":180},"43":{"loc":{"start":{"line":180,"column":72},"end":{"line":180,"column":84}},"type":"binary-expr","locations":[{"start":{"line":180,"column":72},"end":{"line":180,"column":78}},{"start":{"line":180,"column":82},"end":{"line":180,"column":84}}],"line":180},"44":{"loc":{"start":{"line":180,"column":86},"end":{"line":180,"column":113}},"type":"binary-expr","locations":[{"start":{"line":180,"column":86},"end":{"line":180,"column":91}},{"start":{"line":180,"column":95},"end":{"line":180,"column":107}},{"start":{"line":180,"column":111},"end":{"line":180,"column":113}}],"line":180},"45":{"loc":{"start":{"line":204,"column":17},"end":{"line":204,"column":31}},"type":"binary-expr","locations":[{"start":{"line":204,"column":17},"end":{"line":204,"column":25}},{"start":{"line":204,"column":29},"end":{"line":204,"column":31}}],"line":204},"46":{"loc":{"start":{"line":207,"column":7},"end":{"line":207,"column":43}},"type":"binary-expr","locations":[{"start":{"line":207,"column":7},"end":{"line":207,"column":15}},{"start":{"line":207,"column":19},"end":{"line":207,"column":33}},{"start":{"line":207,"column":37},"end":{"line":207,"column":43}}],"line":207},"47":{"loc":{"start":{"line":207,"column":45},"end":{"line":207,"column":60}},"type":"binary-expr","locations":[{"start":{"line":207,"column":45},"end":{"line":207,"column":54}},{"start":{"line":207,"column":58},"end":{"line":207,"column":60}}],"line":207},"48":{"loc":{"start":{"line":207,"column":62},"end":{"line":207,"column":77}},"type":"binary-expr","locations":[{"start":{"line":207,"column":62},"end":{"line":207,"column":71}},{"start":{"line":207,"column":75},"end":{"line":207,"column":77}}],"line":207},"49":{"loc":{"start":{"line":207,"column":79},"end":{"line":207,"column":94}},"type":"binary-expr","locations":[{"start":{"line":207,"column":79},"end":{"line":207,"column":88}},{"start":{"line":207,"column":92},"end":{"line":207,"column":94}}],"line":207},"50":{"loc":{"start":{"line":207,"column":96},"end":{"line":207,"column":110}},"type":"binary-expr","locations":[{"start":{"line":207,"column":96},"end":{"line":207,"column":104}},{"start":{"line":207,"column":108},"end":{"line":207,"column":110}}],"line":207},"51":{"loc":{"start":{"line":219,"column":4},"end":{"line":219,"column":80}},"type":"if","locations":[{"start":{"line":219,"column":4},"end":{"line":219,"column":80}},{"start":{},"end":{}}],"line":219},"52":{"loc":{"start":{"line":237,"column":16},"end":{"line":237,"column":30}},"type":"binary-expr","locations":[{"start":{"line":237,"column":16},"end":{"line":237,"column":24}},{"start":{"line":237,"column":28},"end":{"line":237,"column":30}}],"line":237},"53":{"loc":{"start":{"line":244,"column":76},"end":{"line":244,"column":122}},"type":"binary-expr","locations":[{"start":{"line":244,"column":76},"end":{"line":244,"column":82}},{"start":{"line":244,"column":86},"end":{"line":244,"column":114}},{"start":{"line":244,"column":118},"end":{"line":244,"column":122}}],"line":244}},"s":{"0":1,"1":0,"2":0,"3":0,"4":0,"5":0,"6":2,"7":2,"8":1,"9":2,"10":1,"11":1,"12":1,"13":0,"14":0,"15":0,"16":0,"17":0,"18":0,"19":0,"20":0,"21":0,"22":0,"23":0,"24":0,"25":0,"26":0,"27":0,"28":0,"29":0,"30":0,"31":0,"32":0,"33":0,"34":0,"35":0,"36":0,"37":0,"38":0,"39":0,"40":0,"41":0,"42":0,"43":0,"44":0,"45":0,"46":0,"47":0,"48":0,"49":0,"50":0,"51":0,"52":0,"53":0,"54":0,"55":0,"56":0,"57":0,"58":0,"59":0,"60":0,"61":0,"62":0,"63":0,"64":0,"65":0,"66":0,"67":0,"68":0,"69":0,"70":0,"71":0,"72":0,"73":0,"74":0,"75":0,"76":0,"77":0,"78":0,"79":0,"80":0,"81":0,"82":0,"83":0,"84":0,"85":0,"86":0,"87":0,"88":0,"89":0,"90":0,"91":0,"92":0,"93":0,"94":0,"95":0,"96":0,"97":0,"98":0,"99":0,"100":0,"101":0,"102":0,"103":0,"104":0,"105":0,"106":0,"107":0,"108":0,"109":0,"110":0,"111":1},"f":{"0":0,"1":2,"2":2,"3":0,"4":0,"5":0,"6":0,"7":0,"8":0,"9":0,"10":0,"11":0,"12":0,"13":0,"14":0,"15":0,"16":0},"b":{"0":[0,0,0],"1":[0,0],"2":[2,0],"3":[2,0],"4":[2,1],"5":[2,1],"6":[2,1],"7":[1,1],"8":[2,1],"9":[0,0],"10":[0,0],"11":[0,0],"12":[0,0,0],"13":[0,0],"14":[0,0],"15":[0,0],"16":[0,0],"17":[0,0],"18":[0,0,0],"19":[0,0],"20":[0,0,0],"21":[0,0],"22":[0,0],"23":[0,0],"24":[0,0,0],"25":[0,0],"26":[0,0],"27":[0,0],"28":[0,0],"29":[0,0],"30":[0,0,0],"31":[0,0],"32":[0,0,0],"33":[0,0],"34":[0,0,0],"35":[0,0],"36":[0,0],"37":[0,0],"38":[0,0,0],"39":[0,0],"40":[0,0,0],"41":[0,0],"42":[0,0],"43":[0,0],"44":[0,0,0],"45":[0,0],"46":[0,0,0],"47":[0,0],"48":[0,0],"49":[0,0],"50":[0,0],"51":[0,0],"52":[0,0],"53":[0,0,0]},"_coverageSchema":"1a1c01bbd47fc00a2c39e90264f33305004495a9","hash":"4a0af567fc99e78fe5b6eb3fedb3175714b609ea"}
,"C:\\Users\\Lautaro Colombo\\Desktop\\Proyectos\\proyectos en armados\\metagro 2.1\\backend\\middleware\\auth.middleware.js": {"path":"C:\\Users\\Lautaro Colombo\\Desktop\\Proyectos\\proyectos en armados\\metagro 2.1\\backend\\middleware\\auth.middleware.js","statementMap":{"0":{"start":{"line":1,"column":12},"end":{"line":1,"column":35}},"1":{"start":{"line":4,"column":17},"end":{"line":4,"column":48}},"2":{"start":{"line":5,"column":2},"end":{"line":5,"column":69}},"3":{"start":{"line":5,"column":15},"end":{"line":5,"column":69}},"4":{"start":{"line":6,"column":21},"end":{"line":6,"column":43}},"5":{"start":{"line":7,"column":22},"end":{"line":7,"column":47}},"6":{"start":{"line":8,"column":2},"end":{"line":16,"column":3}},"7":{"start":{"line":9,"column":4},"end":{"line":9,"column":104}},"8":{"start":{"line":9,"column":21},"end":{"line":9,"column":104}},"9":{"start":{"line":10,"column":4},"end":{"line":15,"column":5}},"10":{"start":{"line":11,"column":6},"end":{"line":11,"column":36}},"11":{"start":{"line":12,"column":6},"end":{"line":12,"column":19}},"12":{"start":{"line":14,"column":6},"end":{"line":14,"column":60}},"13":{"start":{"line":17,"column":2},"end":{"line":17,"column":43}},"14":{"start":{"line":17,"column":30},"end":{"line":17,"column":43}},"15":{"start":{"line":18,"column":2},"end":{"line":18,"column":102}},"16":{"start":{"line":18,"column":19},"end":{"line":18,"column":102}},"17":{"start":{"line":19,"column":2},"end":{"line":24,"column":3}},"18":{"start":{"line":20,"column":4},"end":{"line":20,"column":34}},"19":{"start":{"line":21,"column":4},"end":{"line":21,"column":17}},"20":{"start":{"line":23,"column":4},"end":{"line":23,"column":58}},"21":{"start":{"line":27,"column":0},"end":{"line":27,"column":25}}},"fnMap":{"0":{"name":"auth","decl":{"start":{"line":3,"column":9},"end":{"line":3,"column":13}},"loc":{"start":{"line":3,"column":30},"end":{"line":25,"column":1}},"line":3}},"branchMap":{"0":{"loc":{"start":{"line":4,"column":17},"end":{"line":4,"column":48}},"type":"binary-expr","locations":[{"start":{"line":4,"column":17},"end":{"line":4,"column":42}},{"start":{"line":4,"column":46},"end":{"line":4,"column":48}}],"line":4},"1":{"loc":{"start":{"line":5,"column":2},"end":{"line":5,"column":69}},"type":"if","locations":[{"start":{"line":5,"column":2},"end":{"line":5,"column":69}},{"start":{},"end":{}}],"line":5},"2":{"loc":{"start":{"line":8,"column":2},"end":{"line":16,"column":3}},"type":"if","locations":[{"start":{"line":8,"column":2},"end":{"line":16,"column":3}},{"start":{},"end":{}}],"line":8},"3":{"loc":{"start":{"line":9,"column":4},"end":{"line":9,"column":104}},"type":"if","locations":[{"start":{"line":9,"column":4},"end":{"line":9,"column":104}},{"start":{},"end":{}}],"line":9},"4":{"loc":{"start":{"line":17,"column":2},"end":{"line":17,"column":43}},"type":"if","locations":[{"start":{"line":17,"column":2},"end":{"line":17,"column":43}},{"start":{},"end":{}}],"line":17},"5":{"loc":{"start":{"line":18,"column":2},"end":{"line":18,"column":102}},"type":"if","locations":[{"start":{"line":18,"column":2},"end":{"line":18,"column":102}},{"start":{},"end":{}}],"line":18}},"s":{"0":4,"1":4,"2":4,"3":1,"4":3,"5":3,"6":3,"7":2,"8":0,"9":2,"10":2,"11":1,"12":1,"13":1,"14":1,"15":0,"16":0,"17":0,"18":0,"19":0,"20":0,"21":4},"f":{"0":4},"b":{"0":[4,1],"1":[1,3],"2":[2,1],"3":[0,2],"4":[1,0],"5":[0,0]},"_coverageSchema":"1a1c01bbd47fc00a2c39e90264f33305004495a9","hash":"86e565cd8e4e098e2d13701f99307653398310c6"}
}
