TN:
SF:controllers\productos.controller.js
FN:3,registrarCambio
FN:16,listProducts
FN:19,(anonymous_2)
FN:37,createProduct
FN:74,updateProduct
FN:113,deleteProduct
FN:127,getCategories
FN:130,(anonymous_7)
FN:136,getBackup
FN:139,(anonymous_9)
FN:156,postBackup
FN:173,syncToDb
FN:192,getProductsTestStatus
FN:202,createProductTest
FN:216,getProductTest
FN:226,deleteProductTest
FN:235,saveConfig
FNF:17
FNH:2
FNDA:0,registrarCambio
FNDA:2,listProducts
FNDA:2,(anonymous_2)
FNDA:0,createProduct
FNDA:0,updateProduct
FNDA:0,deleteProduct
FNDA:0,getCategories
FNDA:0,(anonymous_7)
FNDA:0,getBackup
FNDA:0,(anonymous_9)
FNDA:0,postBackup
FNDA:0,syncToDb
FNDA:0,getProductsTestStatus
FNDA:0,createProductTest
FNDA:0,getProductTest
FNDA:0,deleteProductTest
FNDA:0,saveConfig
DA:1,1
DA:4,0
DA:5,0
DA:6,0
DA:7,0
DA:12,0
DA:17,2
DA:18,2
DA:19,2
DA:30,1
DA:32,1
DA:33,1
DA:38,0
DA:39,0
DA:42,0
DA:43,0
DA:44,0
DA:48,0
DA:49,0
DA:50,0
DA:51,0
DA:55,0
DA:66,0
DA:67,0
DA:69,0
DA:70,0
DA:75,0
DA:76,0
DA:77,0
DA:80,0
DA:81,0
DA:82,0
DA:86,0
DA:87,0
DA:88,0
DA:89,0
DA:93,0
DA:104,0
DA:105,0
DA:106,0
DA:108,0
DA:109,0
DA:114,0
DA:115,0
DA:116,0
DA:117,0
DA:119,0
DA:120,0
DA:122,0
DA:123,0
DA:128,0
DA:129,0
DA:130,0
DA:132,0
DA:137,0
DA:138,0
DA:139,0
DA:148,0
DA:149,0
DA:150,0
DA:152,0
DA:157,0
DA:158,0
DA:159,0
DA:160,0
DA:161,0
DA:165,0
DA:167,0
DA:169,0
DA:174,0
DA:175,0
DA:176,0
DA:177,0
DA:178,0
DA:182,0
DA:184,0
DA:185,0
DA:187,0
DA:188,0
DA:193,0
DA:194,0
DA:195,0
DA:196,0
DA:198,0
DA:203,0
DA:204,0
DA:205,0
DA:209,0
DA:210,0
DA:212,0
DA:217,0
DA:218,0
DA:219,0
DA:220,0
DA:222,0
DA:227,0
DA:228,0
DA:229,0
DA:231,0
DA:236,0
DA:237,0
DA:238,0
DA:239,0
DA:240,0
DA:242,0
DA:247,0
DA:249,0
DA:253,1
LF:108
LH:8
BRDA:6,0,0,0
BRDA:6,0,1,0
BRDA:6,0,2,0
BRDA:9,1,0,0
BRDA:9,1,1,0
BRDA:21,2,0,2
BRDA:21,2,1,0
BRDA:22,3,0,2
BRDA:22,3,1,0
BRDA:23,4,0,2
BRDA:23,4,1,1
BRDA:25,5,0,2
BRDA:25,5,1,1
BRDA:26,6,0,2
BRDA:26,6,1,1
BRDA:27,7,0,1
BRDA:27,7,1,1
BRDA:28,8,0,2
BRDA:28,8,1,1
BRDA:39,9,0,0
BRDA:39,9,1,0
BRDA:41,10,0,0
BRDA:41,10,1,0
BRDA:42,11,0,0
BRDA:42,11,1,0
BRDA:46,12,0,0
BRDA:46,12,1,0
BRDA:46,12,2,0
BRDA:46,13,0,0
BRDA:46,13,1,0
BRDA:46,14,0,0
BRDA:46,14,1,0
BRDA:46,15,0,0
BRDA:46,15,1,0
BRDA:49,16,0,0
BRDA:49,16,1,0
BRDA:57,17,0,0
BRDA:57,17,1,0
BRDA:58,18,0,0
BRDA:58,18,1,0
BRDA:58,18,2,0
BRDA:59,19,0,0
BRDA:59,19,1,0
BRDA:63,20,0,0
BRDA:63,20,1,0
BRDA:63,20,2,0
BRDA:77,21,0,0
BRDA:77,21,1,0
BRDA:79,22,0,0
BRDA:79,22,1,0
BRDA:80,23,0,0
BRDA:80,23,1,0
BRDA:84,24,0,0
BRDA:84,24,1,0
BRDA:84,24,2,0
BRDA:84,25,0,0
BRDA:84,25,1,0
BRDA:84,26,0,0
BRDA:84,26,1,0
BRDA:84,27,0,0
BRDA:84,27,1,0
BRDA:86,28,0,0
BRDA:86,28,1,0
BRDA:95,29,0,0
BRDA:95,29,1,0
BRDA:96,30,0,0
BRDA:96,30,1,0
BRDA:96,30,2,0
BRDA:97,31,0,0
BRDA:97,31,1,0
BRDA:101,32,0,0
BRDA:101,32,1,0
BRDA:101,32,2,0
BRDA:158,33,0,0
BRDA:158,33,1,0
BRDA:163,34,0,0
BRDA:163,34,1,0
BRDA:163,34,2,0
BRDA:163,35,0,0
BRDA:163,35,1,0
BRDA:163,36,0,0
BRDA:163,36,1,0
BRDA:163,37,0,0
BRDA:163,37,1,0
BRDA:163,38,0,0
BRDA:163,38,1,0
BRDA:163,38,2,0
BRDA:175,39,0,0
BRDA:175,39,1,0
BRDA:180,40,0,0
BRDA:180,40,1,0
BRDA:180,40,2,0
BRDA:180,41,0,0
BRDA:180,41,1,0
BRDA:180,42,0,0
BRDA:180,42,1,0
BRDA:180,43,0,0
BRDA:180,43,1,0
BRDA:180,44,0,0
BRDA:180,44,1,0
BRDA:180,44,2,0
BRDA:204,45,0,0
BRDA:204,45,1,0
BRDA:207,46,0,0
BRDA:207,46,1,0
BRDA:207,46,2,0
BRDA:207,47,0,0
BRDA:207,47,1,0
BRDA:207,48,0,0
BRDA:207,48,1,0
BRDA:207,49,0,0
BRDA:207,49,1,0
BRDA:207,50,0,0
BRDA:207,50,1,0
BRDA:219,51,0,0
BRDA:219,51,1,0
BRDA:237,52,0,0
BRDA:237,52,1,0
BRDA:244,53,0,0
BRDA:244,53,1,0
BRDA:244,53,2,0
BRF:121
BRH:12
end_of_record
TN:
SF:middleware\auth.middleware.js
FN:3,auth
FNF:1
FNH:1
FNDA:4,auth
DA:1,4
DA:4,4
DA:5,4
DA:6,3
DA:7,3
DA:8,3
DA:9,2
DA:10,2
DA:11,2
DA:12,1
DA:14,1
DA:17,1
DA:18,0
DA:19,0
DA:20,0
DA:21,0
DA:23,0
DA:27,4
LF:18
LH:13
BRDA:4,0,0,4
BRDA:4,0,1,1
BRDA:5,1,0,1
BRDA:5,1,1,3
BRDA:8,2,0,2
BRDA:8,2,1,1
BRDA:9,3,0,0
BRDA:9,3,1,2
BRDA:17,4,0,1
BRDA:17,4,1,0
BRDA:18,5,0,0
BRDA:18,5,1,0
BRF:12
BRH:8
end_of_record
